2025-08-14 05:44:03,693 - Code.bot_core.tradestation_api - ERROR - Failed to fetch account balance: 403
2025-08-14 05:44:16,534 - OrderManager - INFO - Loaded 0 active orders from database
2025-08-14 05:44:16,552 - PositionManager - INFO - Position collections initialized
2025-08-14 05:44:16,564 - PositionManager - INFO - Loaded 0 active positions from database
2025-08-14 05:44:16,577 - JigsawStrategy - INFO - Synced 0 active positions from position manager
2025-08-14 05:44:18,406 - Code.bot_core.tradestation_api - ERROR - Failed to fetch account balance: 403
2025-08-14 05:44:18,433 - UIController - CRITICAL - Uncaught exception: AttributeError: 'JigsawFlowApp' object has no attribute 'mongodb_widgetimport'
Traceback (most recent call last):
  File "C:\Users\krishna gupta\Desktop\Project\T_bot\Code\ui\ui_controller.py", line 1346, in handle_login_success
    mongodb_widget = self.app.get_mongodb_widget()
  File "C:\Users\krishna gupta\Desktop\Project\T_bot\Code\ui\jigsaw_flow_ui.py", line 4359, in get_mongodb_widget
    return self.mongodb_widgetimport
AttributeError: 'JigsawFlowApp' object has no attribute 'mongodb_widgetimport'
2025-08-14 05:48:00,163 - Code.bot_core.tradestation_api - ERROR - Failed to fetch account balance: 403
2025-08-14 05:48:02,221 - OrderManager - INFO - Loaded 0 active orders from database
2025-08-14 05:48:02,237 - PositionManager - INFO - Position collections initialized
2025-08-14 05:48:02,242 - PositionManager - INFO - Loaded 0 active positions from database
2025-08-14 05:48:02,247 - JigsawStrategy - INFO - Synced 0 active positions from position manager
2025-08-14 05:48:03,844 - Code.bot_core.tradestation_api - ERROR - Failed to fetch account balance: 403
2025-08-14 05:48:03,864 - UIController - CRITICAL - Uncaught exception: AttributeError: 'JigsawFlowApp' object has no attribute 'mongodb_widgetimport'
Traceback (most recent call last):
  File "C:\Users\krishna gupta\Desktop\Project\T_bot\Code\ui\ui_controller.py", line 1346, in handle_login_success
    mongodb_widget = self.app.get_mongodb_widget()
  File "C:\Users\krishna gupta\Desktop\Project\T_bot\Code\ui\jigsaw_flow_ui.py", line 4359, in get_mongodb_widget
    return self.mongodb_widgetimport
AttributeError: 'JigsawFlowApp' object has no attribute 'mongodb_widgetimport'
2025-08-14 05:57:40,488 - Code.bot_core.tradestation_api - ERROR - Access forbidden for account 5WY52585 - check account permissions
2025-08-14 05:57:42,328 - OrderManager - INFO - Loaded 0 active orders from database
2025-08-14 05:57:42,341 - PositionManager - INFO - Position collections initialized
2025-08-14 05:57:42,345 - PositionManager - INFO - Loaded 0 active positions from database
2025-08-14 05:57:42,348 - JigsawStrategy - INFO - Synced 0 active positions from position manager
2025-08-14 05:57:43,906 - Code.bot_core.tradestation_api - ERROR - Access forbidden for account 5WY52585 - check account permissions
