2025-07-06 02:58:26,359 - OrderManager - INFO - Loaded 0 active orders from database
2025-07-06 02:58:26,367 - PositionManager - INFO - Position collections initialized
2025-07-06 02:58:26,368 - PositionManager - INFO - Loaded 0 active positions from database
2025-07-06 02:58:26,371 - JigsawStrategy - INFO - Synced 0 active positions from position manager
2025-07-06 02:59:46,563 - OrderManager - INFO - Loaded 0 active orders from database
2025-07-06 02:59:46,578 - PositionManager - INFO - Position collections initialized
2025-07-06 02:59:46,582 - PositionManager - INFO - Loaded 0 active positions from database
2025-07-06 02:59:46,590 - JigsawStrategy - INFO - Synced 0 active positions from position manager
2025-07-06 03:17:50,056 - OrderManager - INFO - Loaded 0 active orders from database
2025-07-06 03:17:50,083 - PositionManager - INFO - Position collections initialized
2025-07-06 03:17:50,088 - PositionManager - INFO - Loaded 0 active positions from database
2025-07-06 03:17:50,092 - JigsawStrategy - INFO - Synced 0 active positions from position manager
2025-07-06 03:19:07,774 - OrderManager - INFO - Loaded 0 active orders from database
2025-07-06 03:19:07,789 - PositionManager - INFO - Position collections initialized
2025-07-06 03:19:07,802 - PositionManager - INFO - Loaded 0 active positions from database
2025-07-06 03:19:07,806 - JigsawStrategy - INFO - Synced 0 active positions from position manager
2025-07-06 04:16:29,595 - OrderManager - INFO - Loaded 0 active orders from database
2025-07-06 04:16:29,604 - PositionManager - INFO - Position collections initialized
2025-07-06 04:16:29,609 - PositionManager - INFO - Loaded 0 active positions from database
2025-07-06 04:16:29,614 - JigsawStrategy - INFO - Synced 0 active positions from position manager
2025-07-06 04:17:16,791 - MarketDataClient - INFO - WebSocket connection opened
2025-07-06 04:17:16,811 - CandleBuilder - INFO - Started candle builder for periods: (1, 2, 3, 5, 15) minutes
2025-07-06 04:17:17,469 - MarketDataClient - INFO - Successfully authorized
2025-07-06 04:17:18,441 - OrderManager - INFO - Loaded 0 active orders from database
2025-07-06 04:17:18,456 - PositionManager - INFO - Position collections initialized
2025-07-06 04:17:18,462 - PositionManager - INFO - Loaded 0 active positions from database
2025-07-06 04:17:18,466 - JigsawStrategy - INFO - Synced 0 active positions from position manager
2025-07-06 04:17:18,470 - MarketDataClient - INFO - Subscribing to market data for sectors: XLK, XLF, XLV, XLY
2025-07-06 04:17:19,504 - MarketDataClient - INFO - Subscribed to all sectors simultaneously on channel 1
2025-07-06 04:17:20,532 - MarketDataClient - INFO - Subscribed to 1 symbols on channel 2
2025-07-06 04:17:20,534 - Mag7Strategy - INFO - Subscribed to market data for AAPL
2025-07-06 04:17:21,548 - MarketDataClient - INFO - Subscribed to 1 symbols on channel 3
2025-07-06 04:17:21,548 - Mag7Strategy - INFO - Subscribed to market data for MSFT
2025-07-06 04:17:22,567 - MarketDataClient - INFO - Subscribed to 1 symbols on channel 4
2025-07-06 04:17:22,571 - Mag7Strategy - INFO - Subscribed to market data for AMZN
2025-07-06 04:17:23,601 - MarketDataClient - INFO - Subscribed to 1 symbols on channel 5
2025-07-06 04:17:23,603 - Mag7Strategy - INFO - Subscribed to market data for NVDA
2025-07-06 04:17:24,615 - MarketDataClient - INFO - Subscribed to 1 symbols on channel 6
2025-07-06 04:17:24,616 - Mag7Strategy - INFO - Subscribed to market data for GOOG
2025-07-06 04:17:25,642 - MarketDataClient - INFO - Subscribed to 1 symbols on channel 7
2025-07-06 04:17:25,642 - Mag7Strategy - INFO - Subscribed to market data for TSLA
2025-07-06 04:17:26,674 - MarketDataClient - INFO - Subscribed to 1 symbols on channel 8
2025-07-06 04:17:26,675 - Mag7Strategy - INFO - Subscribed to market data for META
2025-07-06 04:17:26,676 - Mag7Strategy - INFO - Mag7 strategy initialized successfully
2025-07-06 04:17:28,990 - MarketDataClient - INFO - Subscribed to 1 symbols on channel 9
2025-07-06 04:17:31,844 - MarketDataClient - INFO - Subscribed to 1 symbols on channel 10
2025-07-06 04:17:34,718 - MarketDataClient - INFO - Subscribed to 1 symbols on channel 11
2025-07-06 04:17:37,116 - MarketDataClient - INFO - Subscribed to 1 symbols on channel 12
2025-07-06 04:17:37,117 - JigsawStrategy - INFO - Jigsaw strategy initialized successfully with real market data connections
2025-07-06 04:17:37,118 - MarketDataClient - INFO - Subscribing to market data for sectors: XLK, XLF, XLV, XLY
2025-07-06 04:17:37,125 - MarketDataClient - INFO - Subscribing to Mag7 stocks: AAPL, MSFT, AMZN, NVDA, GOOG, TSLA, META
2025-07-06 04:17:38,146 - MarketDataClient - INFO - Subscribed to all Mag7 stocks on channel 14
2025-07-06 04:17:38,147 - MarketDataClient - INFO - Subscribed to all sectors simultaneously on channel 13
2025-07-06 04:17:44,259 - MarketDataClient - INFO - Subscribed to 4 symbols on channel 15
2025-07-06 04:17:50,134 - JigsawStrategy - INFO - Trading not allowed: Market is closed (weekend)
2025-07-06 04:17:50,693 - MarketDataClient - INFO - WebSocket connection closed
2025-07-06 04:17:50,963 - CandleBuilder - INFO - Stopped candle builder
2025-07-06 04:18:07,687 - MarketDataClient - INFO - WebSocket connection opened
2025-07-06 04:18:07,729 - CandleBuilder - INFO - Started candle builder for periods: (1, 2, 3, 5, 15) minutes
2025-07-06 04:18:08,609 - MarketDataClient - INFO - Successfully authorized
2025-07-06 04:18:09,637 - OrderManager - INFO - Loaded 0 active orders from database
2025-07-06 04:18:09,648 - PositionManager - INFO - Position collections initialized
2025-07-06 04:18:09,650 - PositionManager - INFO - Loaded 0 active positions from database
2025-07-06 04:18:09,652 - JigsawStrategy - INFO - Synced 0 active positions from position manager
2025-07-06 04:18:09,653 - MarketDataClient - INFO - Subscribing to market data for sectors: XLK, XLF, XLV, XLY
2025-07-06 04:18:10,684 - MarketDataClient - INFO - Subscribed to all sectors simultaneously on channel 1
2025-07-06 04:18:13,315 - MarketDataClient - INFO - Subscribed to 1 symbols on channel 2
2025-07-06 04:18:17,210 - MarketDataClient - INFO - Subscribed to 1 symbols on channel 3
2025-07-06 04:18:20,385 - MarketDataClient - INFO - Subscribed to 1 symbols on channel 4
2025-07-06 04:18:23,249 - MarketDataClient - INFO - Subscribed to 1 symbols on channel 5
2025-07-06 04:18:23,250 - JigsawStrategy - INFO - Jigsaw strategy initialized successfully with real market data connections
2025-07-06 04:18:23,253 - MarketDataClient - INFO - Subscribing to market data for sectors: XLK, XLF, XLV, XLY
2025-07-06 04:18:24,276 - MarketDataClient - INFO - Subscribed to all sectors simultaneously on channel 6
2025-07-06 04:18:32,213 - MarketDataClient - INFO - Subscribed to 4 symbols on channel 7
2025-07-06 04:18:32,755 - JigsawStrategy - INFO - Trading not allowed: Market is closed (weekend)
2025-07-06 04:18:33,408 - JigsawStrategy - INFO - Trading not allowed: Market is closed (weekend)
2025-07-06 04:18:34,063 - JigsawStrategy - INFO - Trading not allowed: Market is closed (weekend)
2025-07-06 04:18:34,280 - JigsawStrategy - INFO - Checking sector alignment. Current statuses: {'XLK': 'neutral', 'XLF': 'neutral', 'XLV': 'neutral', 'XLY': 'neutral'}
2025-07-06 04:18:34,282 - JigsawStrategy - INFO - XLK is neutral, no alignment possible
2025-07-06 04:18:34,715 - JigsawStrategy - INFO - Trading not allowed: Market is closed (weekend)
2025-07-06 04:18:35,365 - JigsawStrategy - INFO - Trading not allowed: Market is closed (weekend)
2025-07-06 04:18:36,015 - JigsawStrategy - INFO - Trading not allowed: Market is closed (weekend)
2025-07-06 04:18:36,344 - JigsawStrategy - INFO - Checking sector alignment. Current statuses: {'XLK': 'neutral', 'XLF': 'neutral', 'XLV': 'neutral', 'XLY': 'neutral'}
2025-07-06 04:18:36,345 - JigsawStrategy - INFO - XLK is neutral, no alignment possible
2025-07-06 04:18:36,671 - JigsawStrategy - INFO - Trading not allowed: Market is closed (weekend)
2025-07-06 04:18:37,328 - JigsawStrategy - INFO - Trading not allowed: Market is closed (weekend)
2025-07-06 04:18:37,985 - JigsawStrategy - INFO - Trading not allowed: Market is closed (weekend)
2025-07-06 04:18:38,417 - JigsawStrategy - INFO - Checking sector alignment. Current statuses: {'XLK': 'neutral', 'XLF': 'neutral', 'XLV': 'neutral', 'XLY': 'neutral'}
2025-07-06 04:18:38,419 - JigsawStrategy - INFO - XLK is neutral, no alignment possible
2025-07-06 04:18:38,637 - JigsawStrategy - INFO - Trading not allowed: Market is closed (weekend)
2025-07-06 04:18:39,290 - JigsawStrategy - INFO - Trading not allowed: Market is closed (weekend)
2025-07-06 04:18:39,945 - JigsawStrategy - INFO - Trading not allowed: Market is closed (weekend)
2025-07-06 04:18:40,492 - JigsawStrategy - INFO - Checking sector alignment. Current statuses: {'XLK': 'neutral', 'XLF': 'neutral', 'XLV': 'neutral', 'XLY': 'neutral'}
2025-07-06 04:18:40,493 - JigsawStrategy - INFO - XLK is neutral, no alignment possible
2025-07-06 04:18:40,598 - JigsawStrategy - INFO - Trading not allowed: Market is closed (weekend)
2025-07-06 04:18:41,270 - JigsawStrategy - INFO - Trading not allowed: Market is closed (weekend)
2025-07-06 04:18:41,927 - JigsawStrategy - INFO - Trading not allowed: Market is closed (weekend)
2025-07-06 04:18:42,582 - JigsawStrategy - INFO - Checking sector alignment. Current statuses: {'XLK': 'neutral', 'XLF': 'neutral', 'XLV': 'neutral', 'XLY': 'neutral'}
2025-07-06 04:18:42,585 - JigsawStrategy - INFO - XLK is neutral, no alignment possible
2025-07-06 04:18:42,588 - JigsawStrategy - INFO - Trading not allowed: Market is closed (weekend)
2025-07-06 04:18:43,236 - JigsawStrategy - INFO - Trading not allowed: Market is closed (weekend)
2025-07-06 04:18:43,887 - JigsawStrategy - INFO - Trading not allowed: Market is closed (weekend)
2025-07-06 04:18:44,538 - JigsawStrategy - INFO - Trading not allowed: Market is closed (weekend)
2025-07-06 04:18:44,646 - JigsawStrategy - INFO - Checking sector alignment. Current statuses: {'XLK': 'neutral', 'XLF': 'neutral', 'XLV': 'neutral', 'XLY': 'neutral'}
2025-07-06 04:18:44,647 - JigsawStrategy - INFO - XLK is neutral, no alignment possible
2025-07-06 04:18:45,206 - JigsawStrategy - INFO - Trading not allowed: Market is closed (weekend)
2025-07-06 04:18:45,859 - JigsawStrategy - INFO - Trading not allowed: Market is closed (weekend)
2025-07-06 04:18:46,506 - JigsawStrategy - INFO - Trading not allowed: Market is closed (weekend)
2025-07-06 04:18:46,728 - JigsawStrategy - INFO - Checking sector alignment. Current statuses: {'XLK': 'neutral', 'XLF': 'neutral', 'XLV': 'neutral', 'XLY': 'neutral'}
2025-07-06 04:18:46,730 - JigsawStrategy - INFO - XLK is neutral, no alignment possible
2025-07-06 04:18:47,161 - JigsawStrategy - INFO - Trading not allowed: Market is closed (weekend)
2025-07-06 04:18:47,812 - JigsawStrategy - INFO - Trading not allowed: Market is closed (weekend)
2025-07-06 04:18:48,480 - JigsawStrategy - INFO - Trading not allowed: Market is closed (weekend)
2025-07-06 04:18:48,808 - JigsawStrategy - INFO - Checking sector alignment. Current statuses: {'XLK': 'neutral', 'XLF': 'neutral', 'XLV': 'neutral', 'XLY': 'neutral'}
2025-07-06 04:18:48,809 - JigsawStrategy - INFO - XLK is neutral, no alignment possible
2025-07-06 04:18:49,135 - JigsawStrategy - INFO - Trading not allowed: Market is closed (weekend)
2025-07-06 04:18:49,770 - JigsawStrategy - INFO - Trading not allowed: Market is closed (weekend)
2025-07-06 04:18:50,412 - JigsawStrategy - INFO - Trading not allowed: Market is closed (weekend)
2025-07-06 04:18:50,844 - JigsawStrategy - INFO - Checking sector alignment. Current statuses: {'XLK': 'neutral', 'XLF': 'neutral', 'XLV': 'neutral', 'XLY': 'neutral'}
2025-07-06 04:18:50,844 - JigsawStrategy - INFO - XLK is neutral, no alignment possible
2025-07-06 04:18:51,068 - JigsawStrategy - INFO - Trading not allowed: Market is closed (weekend)
2025-07-06 04:18:51,721 - JigsawStrategy - INFO - Trading not allowed: Market is closed (weekend)
2025-07-06 04:18:52,373 - JigsawStrategy - INFO - Trading not allowed: Market is closed (weekend)
2025-07-06 04:18:52,916 - JigsawStrategy - INFO - Checking sector alignment. Current statuses: {'XLK': 'neutral', 'XLF': 'neutral', 'XLV': 'neutral', 'XLY': 'neutral'}
2025-07-06 04:18:52,917 - JigsawStrategy - INFO - XLK is neutral, no alignment possible
2025-07-06 04:18:53,025 - JigsawStrategy - INFO - Trading not allowed: Market is closed (weekend)
2025-07-06 04:18:53,675 - JigsawStrategy - INFO - Trading not allowed: Market is closed (weekend)
2025-07-06 04:18:54,316 - JigsawStrategy - INFO - Trading not allowed: Market is closed (weekend)
2025-07-06 04:18:54,951 - JigsawStrategy - INFO - Checking sector alignment. Current statuses: {'XLK': 'neutral', 'XLF': 'neutral', 'XLV': 'neutral', 'XLY': 'neutral'}
2025-07-06 04:18:54,951 - JigsawStrategy - INFO - XLK is neutral, no alignment possible
2025-07-06 04:18:54,952 - JigsawStrategy - INFO - Trading not allowed: Market is closed (weekend)
2025-07-06 04:18:55,600 - JigsawStrategy - INFO - Trading not allowed: Market is closed (weekend)
2025-07-06 04:18:56,233 - JigsawStrategy - INFO - Trading not allowed: Market is closed (weekend)
2025-07-06 04:18:56,880 - JigsawStrategy - INFO - Trading not allowed: Market is closed (weekend)
2025-07-06 04:18:56,985 - JigsawStrategy - INFO - Checking sector alignment. Current statuses: {'XLK': 'neutral', 'XLF': 'neutral', 'XLV': 'neutral', 'XLY': 'neutral'}
2025-07-06 04:18:56,985 - JigsawStrategy - INFO - XLK is neutral, no alignment possible
2025-07-06 04:18:57,506 - JigsawStrategy - INFO - Trading not allowed: Market is closed (weekend)
2025-07-06 04:18:58,166 - JigsawStrategy - INFO - Trading not allowed: Market is closed (weekend)
2025-07-06 04:18:58,823 - JigsawStrategy - INFO - Trading not allowed: Market is closed (weekend)
2025-07-06 04:18:59,048 - JigsawStrategy - INFO - Checking sector alignment. Current statuses: {'XLK': 'neutral', 'XLF': 'neutral', 'XLV': 'neutral', 'XLY': 'neutral'}
2025-07-06 04:18:59,049 - JigsawStrategy - INFO - XLK is neutral, no alignment possible
2025-07-06 04:18:59,470 - JigsawStrategy - INFO - Trading not allowed: Market is closed (weekend)
2025-07-06 04:19:00,133 - JigsawStrategy - INFO - Trading not allowed: Market is closed (weekend)
2025-07-06 04:19:00,775 - JigsawStrategy - INFO - Trading not allowed: Market is closed (weekend)
2025-07-06 04:19:01,108 - JigsawStrategy - INFO - Checking sector alignment. Current statuses: {'XLK': 'neutral', 'XLF': 'neutral', 'XLV': 'neutral', 'XLY': 'neutral'}
2025-07-06 04:19:01,108 - JigsawStrategy - INFO - XLK is neutral, no alignment possible
2025-07-06 04:19:01,451 - JigsawStrategy - INFO - Trading not allowed: Market is closed (weekend)
2025-07-06 04:19:02,085 - JigsawStrategy - INFO - Trading not allowed: Market is closed (weekend)
2025-07-06 04:19:02,738 - JigsawStrategy - INFO - Trading not allowed: Market is closed (weekend)
2025-07-06 04:19:03,185 - JigsawStrategy - INFO - Checking sector alignment. Current statuses: {'XLK': 'neutral', 'XLF': 'neutral', 'XLV': 'neutral', 'XLY': 'neutral'}
2025-07-06 04:19:03,185 - JigsawStrategy - INFO - XLK is neutral, no alignment possible
2025-07-06 04:19:03,400 - JigsawStrategy - INFO - Trading not allowed: Market is closed (weekend)
2025-07-06 04:19:04,049 - JigsawStrategy - INFO - Trading not allowed: Market is closed (weekend)
2025-07-06 04:19:04,713 - JigsawStrategy - INFO - Trading not allowed: Market is closed (weekend)
2025-07-06 04:19:05,258 - JigsawStrategy - INFO - Checking sector alignment. Current statuses: {'XLK': 'neutral', 'XLF': 'neutral', 'XLV': 'neutral', 'XLY': 'neutral'}
2025-07-06 04:19:05,259 - JigsawStrategy - INFO - XLK is neutral, no alignment possible
2025-07-06 04:19:05,365 - JigsawStrategy - INFO - Trading not allowed: Market is closed (weekend)
2025-07-06 04:19:06,002 - JigsawStrategy - INFO - Trading not allowed: Market is closed (weekend)
2025-07-06 04:19:06,670 - JigsawStrategy - INFO - Trading not allowed: Market is closed (weekend)
2025-07-06 04:19:07,345 - JigsawStrategy - INFO - Checking sector alignment. Current statuses: {'XLK': 'neutral', 'XLF': 'neutral', 'XLV': 'neutral', 'XLY': 'neutral'}
2025-07-06 04:19:07,346 - JigsawStrategy - INFO - XLK is neutral, no alignment possible
2025-07-06 04:19:07,347 - JigsawStrategy - INFO - Trading not allowed: Market is closed (weekend)
2025-07-06 04:19:08,002 - JigsawStrategy - INFO - Trading not allowed: Market is closed (weekend)
2025-07-06 04:19:08,656 - JigsawStrategy - INFO - Trading not allowed: Market is closed (weekend)
2025-07-06 04:19:09,314 - JigsawStrategy - INFO - Trading not allowed: Market is closed (weekend)
2025-07-06 04:19:09,424 - JigsawStrategy - INFO - Checking sector alignment. Current statuses: {'XLK': 'neutral', 'XLF': 'neutral', 'XLV': 'neutral', 'XLY': 'neutral'}
2025-07-06 04:19:09,425 - JigsawStrategy - INFO - XLK is neutral, no alignment possible
2025-07-06 04:19:09,969 - JigsawStrategy - INFO - Trading not allowed: Market is closed (weekend)
2025-07-06 04:19:10,625 - JigsawStrategy - INFO - Trading not allowed: Market is closed (weekend)
2025-07-06 04:19:11,283 - JigsawStrategy - INFO - Trading not allowed: Market is closed (weekend)
2025-07-06 04:19:11,501 - JigsawStrategy - INFO - Checking sector alignment. Current statuses: {'XLK': 'neutral', 'XLF': 'neutral', 'XLV': 'neutral', 'XLY': 'neutral'}
2025-07-06 04:19:11,501 - JigsawStrategy - INFO - XLK is neutral, no alignment possible
2025-07-06 04:19:11,939 - JigsawStrategy - INFO - Trading not allowed: Market is closed (weekend)
2025-07-06 04:19:12,593 - JigsawStrategy - INFO - Trading not allowed: Market is closed (weekend)
2025-07-06 04:19:13,246 - JigsawStrategy - INFO - Trading not allowed: Market is closed (weekend)
2025-07-06 04:19:13,574 - JigsawStrategy - INFO - Checking sector alignment. Current statuses: {'XLK': 'neutral', 'XLF': 'neutral', 'XLV': 'neutral', 'XLY': 'neutral'}
2025-07-06 04:19:13,576 - JigsawStrategy - INFO - XLK is neutral, no alignment possible
2025-07-06 04:19:13,905 - JigsawStrategy - INFO - Trading not allowed: Market is closed (weekend)
2025-07-06 04:19:14,560 - JigsawStrategy - INFO - Trading not allowed: Market is closed (weekend)
2025-07-06 04:19:15,219 - JigsawStrategy - INFO - Trading not allowed: Market is closed (weekend)
2025-07-06 04:19:15,656 - JigsawStrategy - INFO - Checking sector alignment. Current statuses: {'XLK': 'neutral', 'XLF': 'neutral', 'XLV': 'neutral', 'XLY': 'neutral'}
2025-07-06 04:19:15,656 - JigsawStrategy - INFO - XLK is neutral, no alignment possible
2025-07-06 04:19:15,876 - JigsawStrategy - INFO - Trading not allowed: Market is closed (weekend)
2025-07-06 04:19:16,534 - JigsawStrategy - INFO - Trading not allowed: Market is closed (weekend)
2025-07-06 04:19:17,190 - JigsawStrategy - INFO - Trading not allowed: Market is closed (weekend)
2025-07-06 04:19:17,736 - JigsawStrategy - INFO - Checking sector alignment. Current statuses: {'XLK': 'neutral', 'XLF': 'neutral', 'XLV': 'neutral', 'XLY': 'neutral'}
2025-07-06 04:19:17,737 - JigsawStrategy - INFO - XLK is neutral, no alignment possible
2025-07-06 04:19:17,845 - JigsawStrategy - INFO - Trading not allowed: Market is closed (weekend)
2025-07-06 04:19:18,338 - MarketDataClient - INFO - WebSocket connection closed
2025-07-06 04:19:18,345 - MarketDataClient - ERROR - Error sending message: Connection is already closed.
2025-07-06 04:19:18,578 - CandleBuilder - INFO - Stopped candle builder
2025-07-06 04:19:45,895 - OrderManager - INFO - Loaded 0 active orders from database
2025-07-06 04:19:45,904 - PositionManager - INFO - Position collections initialized
2025-07-06 04:19:45,906 - PositionManager - INFO - Loaded 0 active positions from database
2025-07-06 04:19:45,909 - JigsawStrategy - INFO - Synced 0 active positions from position manager
2025-07-06 04:19:54,080 - MarketDataClient - INFO - WebSocket connection opened
2025-07-06 04:19:54,103 - CandleBuilder - INFO - Started candle builder for periods: (1, 2, 3, 5, 15) minutes
2025-07-06 04:19:55,111 - MarketDataClient - INFO - Successfully authorized
2025-07-06 04:19:55,851 - OrderManager - INFO - Loaded 0 active orders from database
2025-07-06 04:19:55,854 - PositionManager - INFO - Position collections initialized
2025-07-06 04:19:55,856 - PositionManager - INFO - Loaded 0 active positions from database
2025-07-06 04:19:55,856 - JigsawStrategy - INFO - Synced 0 active positions from position manager
2025-07-06 04:19:55,857 - MarketDataClient - INFO - Subscribing to market data for sectors: XLK, XLF, XLV, XLY
2025-07-06 04:19:56,861 - MarketDataClient - INFO - Subscribed to all sectors simultaneously on channel 1
2025-07-06 04:19:59,301 - MarketDataClient - INFO - Subscribed to 1 symbols on channel 2
2025-07-06 04:20:02,004 - MarketDataClient - INFO - Subscribed to 1 symbols on channel 3
2025-07-06 04:20:04,522 - MarketDataClient - INFO - Subscribed to 1 symbols on channel 4
2025-07-06 04:20:07,296 - MarketDataClient - INFO - Subscribed to 1 symbols on channel 5
2025-07-06 04:20:07,297 - JigsawStrategy - INFO - Jigsaw strategy initialized successfully with real market data connections
2025-07-06 04:20:07,298 - MarketDataClient - INFO - Subscribing to market data for sectors: XLK, XLF, XLV, XLY
2025-07-06 04:20:08,326 - MarketDataClient - INFO - Subscribed to all sectors simultaneously on channel 6
2025-07-06 04:20:11,893 - websocket - ERROR - error from callback <function MarketDataClient.connect.<locals>.on_message at 0x00000276CCDE2E50>: cannot schedule new futures after shutdown
2025-07-06 04:20:11,894 - MarketDataClient - ERROR - WebSocket error: cannot schedule new futures after shutdown
2025-07-06 04:20:11,999 - websocket - ERROR - error from callback <function MarketDataClient.connect.<locals>.on_message at 0x00000276CCDE2E50>: cannot schedule new futures after shutdown
2025-07-06 04:20:12,007 - MarketDataClient - ERROR - WebSocket error: cannot schedule new futures after shutdown
2025-07-06 04:20:12,143 - websocket - ERROR - error from callback <function MarketDataClient.connect.<locals>.on_message at 0x00000276CCDE2E50>: cannot schedule new futures after shutdown
2025-07-06 04:20:12,144 - MarketDataClient - ERROR - WebSocket error: cannot schedule new futures after shutdown
